# JRE version: Java(TM) SE Runtime Environment (8.0_201-b09) (build 1.8.0_201-b09)
# Java VM: Java HotSpot(TM) 64-Bit Server VM (25.201-b09 mixed mode windows-amd64 compressed oops)
Heap:
 PSYoungGen      total 28672K, used 7228K [0x00000000e0100000, 0x00000000e2100000, 0x0000000100000000)
  eden space 24576K, 12% used [0x00000000e0100000,0x00000000e0417278,0x00000000e1900000)
  from space 4096K, 99% used [0x00000000e1d00000,0x00000000e20f8040,0x00000000e2100000)
  to   space 4096K, 0% used [0x00000000e1900000,0x00000000e1900000,0x00000000e1d00000)
 ParOldGen       total 65536K, used 6426K [0x00000000a0200000, 0x00000000a4200000, 0x00000000e0100000)
  object space 65536K, 9% used [0x00000000a0200000,0x00000000a0846ab8,0x00000000a4200000)
 Metaspace       used 17238K, capacity 17934K, committed 18176K, reserved 1064960K
  class space    used 2327K, capacity 2517K, committed 2560K, reserved 1048576K
GC Heap History (4 events):
Event: 1.264 GC heap before
{Heap before GC invocations=1 (full 0):
 PSYoungGen      total 28672K, used 24576K [0x00000000e0100000, 0x00000000e2100000, 0x0000000100000000)
  eden space 24576K, 100% used [0x00000000e0100000,0x00000000e1900000,0x00000000e1900000)
  from space 4096K, 0% used [0x00000000e1d00000,0x00000000e1d00000,0x00000000e2100000)
  to   space 4096K, 0% used [0x00000000e1900000,0x00000000e1900000,0x00000000e1d00000)
 ParOldGen       total 65536K, used 0K [0x00000000a0200000, 0x00000000a4200000, 0x00000000e0100000)
  object space 65536K, 0% used [0x00000000a0200000,0x00000000a0200000,0x00000000a4200000)
 Metaspace       used 11149K, capacity 11540K, committed 11776K, reserved 1058816K
  class space    used 1368K, capacity 1474K, committed 1536K, reserved 1048576K
Event: 1.267 GC heap after
Heap after GC invocations=1 (full 0):
 PSYoungGen      total 28672K, used 3248K [0x00000000e0100000, 0x00000000e2100000, 0x0000000100000000)
  eden space 24576K, 0% used [0x00000000e0100000,0x00000000e0100000,0x00000000e1900000)
  from space 4096K, 79% used [0x00000000e1900000,0x00000000e1c2c2e8,0x00000000e1d00000)
  to   space 4096K, 0% used [0x00000000e1d00000,0x00000000e1d00000,0x00000000e2100000)
 ParOldGen       total 65536K, used 16K [0x00000000a0200000, 0x00000000a4200000, 0x00000000e0100000)
  object space 65536K, 0% used [0x00000000a0200000,0x00000000a0204000,0x00000000a4200000)
 Metaspace       used 11149K, capacity 11540K, committed 11776K, reserved 1058816K
  class space    used 1368K, capacity 1474K, committed 1536K, reserved 1048576K
}
Event: 4.660 GC heap before
{Heap before GC invocations=2 (full 0):
 PSYoungGen      total 28672K, used 27824K [0x00000000e0100000, 0x00000000e2100000, 0x0000000100000000)
  eden space 24576K, 100% used [0x00000000e0100000,0x00000000e1900000,0x00000000e1900000)
  from space 4096K, 79% used [0x00000000e1900000,0x00000000e1c2c2e8,0x00000000e1d00000)
  to   space 4096K, 0% used [0x00000000e1d00000,0x00000000e1d00000,0x00000000e2100000)
 ParOldGen       total 65536K, used 16K [0x00000000a0200000, 0x00000000a4200000, 0x00000000e0100000)
  object space 65536K, 0% used [0x00000000a0200000,0x00000000a0204000,0x00000000a4200000)
 Metaspace       used 16899K, capacity 17610K, committed 17920K, reserved 1064960K
  class space    used 2272K, capacity 2453K, committed 2560K, reserved 1048576K
Event: 4.681 GC heap after
Heap after GC invocations=2 (full 0):
 PSYoungGen      total 28672K, used 4064K [0x00000000e0100000, 0x00000000e2100000, 0x0000000100000000)
  eden space 24576K, 0% used [0x00000000e0100000,0x00000000e0100000,0x00000000e1900000)
  from space 4096K, 99% used [0x00000000e1d00000,0x00000000e20f8040,0x00000000e2100000)
  to   space 4096K, 0% used [0x00000000e1900000,0x00000000e1900000,0x00000000e1d00000)
 ParOldGen       total 65536K, used 6426K [0x00000000a0200000, 0x00000000a4200000, 0x00000000e0100000)
  object space 65536K, 9% used [0x00000000a0200000,0x00000000a0846ab8,0x00000000a4200000)
 Metaspace       used 16899K, capacity 17610K, committed 17920K, reserved 1064960K
  class space    used 2272K, capacity 2453K, committed 2560K, reserved 1048576K
}

